[[1;34mINFO[m] Scanning for projects...
[[1;33mWARNING[m] The requested profile "compiler" could not be activated because it does not exist.
[[1;34mINFO[m] 
[[1;34mINFO[m] [1m--------------< [0;36mse.attafemton.personal:personal-details[0;1m >---------------[m
[[1;34mINFO[m] [1mBuilding personal-details 1.0-SNAPSHOT[m
[[1;34mINFO[m] [1m--------------------------------[ jar ]---------------------------------[m
[[1;34mINFO[m] 
[[1;34mINFO[m] [1m>>> [0;32mspring-boot-maven-plugin:3.2.2:run[m [1m(default-cli)[0;1m > [0;1mtest-compile[m @ [36mpersonal-details[0;1m >>>[m
[[1;33mWARNING[m] The artifact org.hibernate:hibernate-core:jar:6.4.0.Final has been relocated to org.hibernate.orm:hibernate-core:jar:6.4.0.Final
[[1;34mINFO[m] 
[[1;34mINFO[m] [1m--- [0;32mmaven-resources-plugin:3.3.1:resources[m [1m(default-resources)[m @ [36mpersonal-details[0;1m ---[m
[[1;34mINFO[m] Copying 102 resources from src/main/resources to target/classes
[[1;34mINFO[m] Copying 7 resources from src/main/webapp/build to target/classes/src/main/static
[[1;34mINFO[m] 
[[1;34mINFO[m] [1m--- [0;32mmaven-compiler-plugin:3.11.0:compile[m [1m(default-compile)[m @ [36mpersonal-details[0;1m ---[m
[[1;34mINFO[m] Nothing to compile - all classes are up to date
[[1;34mINFO[m] 
[[1;34mINFO[m] [1m--- [0;32mmaven-resources-plugin:3.3.1:testResources[m [1m(default-testResources)[m @ [36mpersonal-details[0;1m ---[m
[[1;34mINFO[m] Copying 1 resource from src/test/resources to target/test-classes
[[1;34mINFO[m] 
[[1;34mINFO[m] [1m--- [0;32mmaven-compiler-plugin:3.11.0:testCompile[m [1m(default-testCompile)[m @ [36mpersonal-details[0;1m ---[m
[[1;34mINFO[m] Nothing to compile - all classes are up to date
[[1;34mINFO[m] 
[[1;34mINFO[m] [1m<<< [0;32mspring-boot-maven-plugin:3.2.2:run[m [1m(default-cli)[0;1m < [0;1mtest-compile[m @ [36mpersonal-details[0;1m <<<[m
[[1;34mINFO[m] 
[[1;34mINFO[m] 
[[1;34mINFO[m] [1m--- [0;32mspring-boot-maven-plugin:3.2.2:run[m [1m(default-cli)[m @ [36mpersonal-details[0;1m ---[m
[[1;34mINFO[m] Attaching agents: []

  .   ____          _            __ _ _
 /\\ / ___'_ __ _ _(_)_ __  __ _ \ \ \ \
( ( )\___ | '_ | '_| | '_ \/ _` | \ \ \ \
 \\/  ___)| |_)| | | | | || (_| |  ) ) ) )
  '  |____| .__|_| |_|_| |_\__, | / / / /
 =========|_|==============|___/=/_/_/_/
 :: Spring Boot ::                (v3.2.2)

2024-07-08T11:23:54.500+02:00  INFO 35690 --- [           main] s.a.personal.PersonalDetailsApp          : Starting PersonalDetailsApp using Java 21.0.2 with PID 35690 (/home/roland/IdeaProjects/PersonalDetails/target/classes started by roland in /home/roland/IdeaProjects/PersonalDetails)
2024-07-08T11:23:54.503+02:00  INFO 35690 --- [           main] s.a.personal.PersonalDetailsApp          : No active profile set, falling back to 1 default profile: "default"
2024-07-08T11:23:55.018+02:00  INFO 35690 --- [           main] .s.d.r.c.RepositoryConfigurationDelegate : Bootstrapping Spring Data JPA repositories in DEFAULT mode.
2024-07-08T11:23:55.073+02:00  INFO 35690 --- [           main] .s.d.r.c.RepositoryConfigurationDelegate : Finished Spring Data repository scanning in 49 ms. Found 3 JPA repository interfaces.
2024-07-08T11:23:55.485+02:00  INFO 35690 --- [           main] o.s.b.w.embedded.tomcat.TomcatWebServer  : Tomcat initialized with port 8080 (http)
2024-07-08T11:23:55.499+02:00  INFO 35690 --- [           main] o.apache.catalina.core.StandardService   : Starting service [Tomcat]
2024-07-08T11:23:55.499+02:00  INFO 35690 --- [           main] o.apache.catalina.core.StandardEngine    : Starting Servlet engine: [Apache Tomcat/10.1.18]
2024-07-08T11:23:55.539+02:00  INFO 35690 --- [           main] o.a.c.c.C.[Tomcat].[localhost].[/]       : Initializing Spring embedded WebApplicationContext
2024-07-08T11:23:55.541+02:00  INFO 35690 --- [           main] w.s.c.ServletWebServerApplicationContext : Root WebApplicationContext: initialization completed in 993 ms
2024-07-08T11:23:55.696+02:00  INFO 35690 --- [           main] o.hibernate.jpa.internal.util.LogHelper  : HHH000204: Processing PersistenceUnitInfo [name: default]
2024-07-08T11:23:55.739+02:00  INFO 35690 --- [           main] org.hibernate.Version                    : HHH000412: Hibernate ORM core version 6.4.0.Final
2024-07-08T11:23:55.766+02:00  INFO 35690 --- [           main] o.h.c.internal.RegionFactoryInitiator    : HHH000026: Second-level cache disabled
2024-07-08T11:23:55.977+02:00  INFO 35690 --- [           main] o.s.o.j.p.SpringPersistenceUnitInfo      : No LoadTimeWeaver setup: ignoring JPA class transformer
2024-07-08T11:23:55.999+02:00  INFO 35690 --- [           main] com.zaxxer.hikari.HikariDataSource       : HikariPool-1 - Starting...
2024-07-08T11:23:56.200+02:00  INFO 35690 --- [           main] com.zaxxer.hikari.pool.HikariPool        : HikariPool-1 - Added connection conn0: url=jdbc:h2:file:./target/database user=SA
2024-07-08T11:23:56.201+02:00  INFO 35690 --- [           main] com.zaxxer.hikari.HikariDataSource       : HikariPool-1 - Start completed.
2024-07-08T11:23:57.106+02:00  INFO 35690 --- [           main] o.h.e.t.j.p.i.JtaPlatformInitiator       : HHH000489: No JTA platform available (set 'hibernate.transaction.jta.platform' to enable JTA platform integration)
2024-07-08T11:23:57.166+02:00  INFO 35690 --- [           main] j.LocalContainerEntityManagerFactoryBean : Initialized JPA EntityManagerFactory for persistence unit 'default'
2024-07-08T11:23:57.470+02:00  INFO 35690 --- [           main] o.s.d.j.r.query.QueryEnhancerFactory     : Hibernate is in classpath; If applicable, HQL parser will be used.
2024-07-08T11:23:57.824+02:00  WARN 35690 --- [           main] JpaBaseConfiguration$JpaWebConfiguration : spring.jpa.open-in-view is enabled by default. Therefore, database queries may be performed during view rendering. Explicitly configure spring.jpa.open-in-view to disable this warning
2024-07-08T11:23:57.841+02:00  INFO 35690 --- [           main] o.s.b.a.w.s.WelcomePageHandlerMapping    : Adding welcome page: class path resource [static/index.html]
2024-07-08T11:23:58.074+02:00  INFO 35690 --- [           main] o.s.b.w.embedded.tomcat.TomcatWebServer  : Tomcat started on port 8080 (http) with context path ''
2024-07-08T11:23:58.081+02:00  INFO 35690 --- [           main] s.a.personal.PersonalDetailsApp          : Started PersonalDetailsApp in 3.956 seconds (process running for 4.224)
[[1;34mINFO[m] [1m------------------------------------------------------------------------[m
[[1;34mINFO[m] [1;31mBUILD FAILURE[m
[[1;34mINFO[m] [1m------------------------------------------------------------------------[m
[[1;34mINFO[m] Total time:  03:07 min
[[1;34mINFO[m] Finished at: 2024-07-08T11:27:00+02:00
[[1;34mINFO[m] [1m------------------------------------------------------------------------[m
[[1;33mWARNING[m] The requested profile "compiler" could not be activated because it does not exist.
[[1;31mERROR[m] Failed to execute goal [32morg.springframework.boot:spring-boot-maven-plugin:3.2.2:run[m [1m(default-cli)[m on project [36mpersonal-details[m: [1;31mProcess terminated with exit code: 137[m -> [1m[Help 1][m
[[1;31mERROR[m] 
[[1;31mERROR[m] To see the full stack trace of the errors, re-run Maven with the [1m-e[m switch.
[[1;31mERROR[m] Re-run Maven using the [1m-X[m switch to enable full debug logging.
[[1;31mERROR[m] 
[[1;31mERROR[m] For more information about the errors and possible solutions, please read the following articles:
[[1;31mERROR[m] [1m[Help 1][m http://cwiki.apache.org/confluence/display/MAVEN/MojoExecutionException
