[[1;34mINFO[m] Scanning for projects...
[[1;33mWARNING[m] The requested profile "compiler" could not be activated because it does not exist.
[[1;34mINFO[m] 
[[1;34mINFO[m] [1m--------------< [0;36mse.attafemton.personal:personal-details[0;1m >---------------[m
[[1;34mINFO[m] [1mBuilding personal-details 1.0-SNAPSHOT[m
[[1;34mINFO[m] [1m--------------------------------[ jar ]---------------------------------[m
[[1;34mINFO[m] 
[[1;34mINFO[m] [1m>>> [0;32mspring-boot-maven-plugin:3.2.2:run[m [1m(default-cli)[0;1m > [0;1mtest-compile[m @ [36mpersonal-details[0;1m >>>[m
[[1;33mWARNING[m] The artifact org.hibernate:hibernate-core:jar:6.4.0.Final has been relocated to org.hibernate.orm:hibernate-core:jar:6.4.0.Final
[[1;34mINFO[m] 
[[1;34mINFO[m] [1m--- [0;32mmaven-resources-plugin:3.3.1:resources[m [1m(default-resources)[m @ [36mpersonal-details[0;1m ---[m
[[1;34mINFO[m] Copying 102 resources from src/main/resources to target/classes
[[1;34mINFO[m] Copying 7 resources from src/main/webapp/build to target/classes/src/main/static
[[1;34mINFO[m] 
[[1;34mINFO[m] [1m--- [0;32mmaven-compiler-plugin:3.11.0:compile[m [1m(default-compile)[m @ [36mpersonal-details[0;1m ---[m
[[1;34mINFO[m] Nothing to compile - all classes are up to date
[[1;34mINFO[m] 
[[1;34mINFO[m] [1m--- [0;32mmaven-resources-plugin:3.3.1:testResources[m [1m(default-testResources)[m @ [36mpersonal-details[0;1m ---[m
[[1;34mINFO[m] Copying 1 resource from src/test/resources to target/test-classes
[[1;34mINFO[m] 
[[1;34mINFO[m] [1m--- [0;32mmaven-compiler-plugin:3.11.0:testCompile[m [1m(default-testCompile)[m @ [36mpersonal-details[0;1m ---[m
[[1;34mINFO[m] Nothing to compile - all classes are up to date
[[1;34mINFO[m] 
[[1;34mINFO[m] [1m<<< [0;32mspring-boot-maven-plugin:3.2.2:run[m [1m(default-cli)[0;1m < [0;1mtest-compile[m @ [36mpersonal-details[0;1m <<<[m
[[1;34mINFO[m] 
[[1;34mINFO[m] 
[[1;34mINFO[m] [1m--- [0;32mspring-boot-maven-plugin:3.2.2:run[m [1m(default-cli)[m @ [36mpersonal-details[0;1m ---[m
[[1;34mINFO[m] Attaching agents: []

  .   ____          _            __ _ _
 /\\ / ___'_ __ _ _(_)_ __  __ _ \ \ \ \
( ( )\___ | '_ | '_| | '_ \/ _` | \ \ \ \
 \\/  ___)| |_)| | | | | || (_| |  ) ) ) )
  '  |____| .__|_| |_|_| |_\__, | / / / /
 =========|_|==============|___/=/_/_/_/
 :: Spring Boot ::                (v3.2.2)

2024-07-11T13:10:27.737+02:00  INFO 56285 --- [           main] s.a.personal.PersonalDetailsApp          : Starting PersonalDetailsApp using Java 21.0.2 with PID 56285 (/home/roland/IdeaProjects/PersonalDetails/target/classes started by roland in /home/roland/IdeaProjects/PersonalDetails)
2024-07-11T13:10:27.740+02:00  INFO 56285 --- [           main] s.a.personal.PersonalDetailsApp          : No active profile set, falling back to 1 default profile: "default"
2024-07-11T13:10:28.245+02:00  INFO 56285 --- [           main] .s.d.r.c.RepositoryConfigurationDelegate : Bootstrapping Spring Data JPA repositories in DEFAULT mode.
2024-07-11T13:10:28.300+02:00  INFO 56285 --- [           main] .s.d.r.c.RepositoryConfigurationDelegate : Finished Spring Data repository scanning in 49 ms. Found 3 JPA repository interfaces.
2024-07-11T13:10:28.750+02:00  INFO 56285 --- [           main] o.s.b.w.embedded.tomcat.TomcatWebServer  : Tomcat initialized with port 8080 (http)
2024-07-11T13:10:28.762+02:00  INFO 56285 --- [           main] o.apache.catalina.core.StandardService   : Starting service [Tomcat]
2024-07-11T13:10:28.762+02:00  INFO 56285 --- [           main] o.apache.catalina.core.StandardEngine    : Starting Servlet engine: [Apache Tomcat/10.1.18]
2024-07-11T13:10:28.805+02:00  INFO 56285 --- [           main] o.a.c.c.C.[Tomcat].[localhost].[/]       : Initializing Spring embedded WebApplicationContext
2024-07-11T13:10:28.806+02:00  INFO 56285 --- [           main] w.s.c.ServletWebServerApplicationContext : Root WebApplicationContext: initialization completed in 1017 ms
2024-07-11T13:10:28.969+02:00  INFO 56285 --- [           main] o.hibernate.jpa.internal.util.LogHelper  : HHH000204: Processing PersistenceUnitInfo [name: default]
2024-07-11T13:10:29.018+02:00  INFO 56285 --- [           main] org.hibernate.Version                    : HHH000412: Hibernate ORM core version 6.4.0.Final
2024-07-11T13:10:29.055+02:00  INFO 56285 --- [           main] o.h.c.internal.RegionFactoryInitiator    : HHH000026: Second-level cache disabled
2024-07-11T13:10:29.259+02:00  INFO 56285 --- [           main] o.s.o.j.p.SpringPersistenceUnitInfo      : No LoadTimeWeaver setup: ignoring JPA class transformer
2024-07-11T13:10:29.283+02:00  INFO 56285 --- [           main] com.zaxxer.hikari.HikariDataSource       : HikariPool-1 - Starting...
2024-07-11T13:10:29.458+02:00  INFO 56285 --- [           main] com.zaxxer.hikari.pool.HikariPool        : HikariPool-1 - Added connection conn0: url=jdbc:h2:file:./target/database user=SA
2024-07-11T13:10:29.460+02:00  INFO 56285 --- [           main] com.zaxxer.hikari.HikariDataSource       : HikariPool-1 - Start completed.
2024-07-11T13:10:30.354+02:00  INFO 56285 --- [           main] o.h.e.t.j.p.i.JtaPlatformInitiator       : HHH000489: No JTA platform available (set 'hibernate.transaction.jta.platform' to enable JTA platform integration)
2024-07-11T13:10:30.455+02:00  INFO 56285 --- [           main] j.LocalContainerEntityManagerFactoryBean : Initialized JPA EntityManagerFactory for persistence unit 'default'
2024-07-11T13:10:30.745+02:00  INFO 56285 --- [           main] o.s.d.j.r.query.QueryEnhancerFactory     : Hibernate is in classpath; If applicable, HQL parser will be used.
2024-07-11T13:10:31.090+02:00  WARN 56285 --- [           main] JpaBaseConfiguration$JpaWebConfiguration : spring.jpa.open-in-view is enabled by default. Therefore, database queries may be performed during view rendering. Explicitly configure spring.jpa.open-in-view to disable this warning
2024-07-11T13:10:31.109+02:00  INFO 56285 --- [           main] o.s.b.a.w.s.WelcomePageHandlerMapping    : Adding welcome page: class path resource [static/index.html]
2024-07-11T13:10:31.355+02:00  INFO 56285 --- [           main] o.s.b.w.embedded.tomcat.TomcatWebServer  : Tomcat started on port 8080 (http) with context path ''
2024-07-11T13:10:31.364+02:00  INFO 56285 --- [           main] s.a.personal.PersonalDetailsApp          : Started PersonalDetailsApp in 3.985 seconds (process running for 4.254)
2024-07-11T13:10:37.732+02:00  INFO 56285 --- [nio-8080-exec-1] o.a.c.c.C.[Tomcat].[localhost].[/]       : Initializing Spring DispatcherServlet 'dispatcherServlet'
2024-07-11T13:10:37.732+02:00  INFO 56285 --- [nio-8080-exec-1] o.s.web.servlet.DispatcherServlet        : Initializing Servlet 'dispatcherServlet'
2024-07-11T13:10:37.734+02:00  INFO 56285 --- [nio-8080-exec-1] o.s.web.servlet.DispatcherServlet        : Completed initialization in 2 ms
2024-07-11T13:10:47.834+02:00  WARN 56285 --- [nio-8080-exec-4] o.h.engine.jdbc.spi.SqlExceptionHelper   : SQL Error: 23505, SQLState: 23505
2024-07-11T13:10:47.834+02:00 ERROR 56285 --- [nio-8080-exec-4] o.h.engine.jdbc.spi.SqlExceptionHelper   : Unique index or primary key violation: "PUBLIC.UK_GEX1LMAQPG0IR5G1F5EFTYAA1_INDEX_E ON PUBLIC.ACCOUNT(USERNAME NULLS FIRST) VALUES ( /* 2 */ 'username' )"; SQL statement:
insert into account (username,id) values (?,?) [23505-224]
2024-07-11T13:10:48.326+02:00  WARN 56285 --- [nio-8080-exec-7] o.h.engine.jdbc.spi.SqlExceptionHelper   : SQL Error: 23505, SQLState: 23505
2024-07-11T13:10:48.326+02:00 ERROR 56285 --- [nio-8080-exec-7] o.h.engine.jdbc.spi.SqlExceptionHelper   : Unique index or primary key violation: "PUBLIC.UK_GEX1LMAQPG0IR5G1F5EFTYAA1_INDEX_E ON PUBLIC.ACCOUNT(USERNAME NULLS FIRST) VALUES ( /* 2 */ 'username' )"; SQL statement:
insert into account (username,id) values (?,?) [23505-224]
2024-07-11T13:11:10.089+02:00  WARN 56285 --- [nio-8080-exec-7] .w.s.m.s.DefaultHandlerExceptionResolver : Resolved [org.springframework.http.converter.HttpMessageNotReadableException: JSON parse error: Cannot coerce empty String ("") to `se.attafemton.personal.model.Email$EmailType` value (but could if coercion was enabled using `CoercionConfig`)]
2024-07-11T13:11:13.302+02:00  WARN 56285 --- [nio-8080-exec-3] .w.s.m.s.DefaultHandlerExceptionResolver : Resolved [org.springframework.http.converter.HttpMessageNotReadableException: JSON parse error: Cannot coerce empty String ("") to `se.attafemton.personal.model.Email$EmailType` value (but could if coercion was enabled using `CoercionConfig`)]
2024-07-11T13:12:09.703+02:00  WARN 56285 --- [nio-8080-exec-6] o.h.engine.jdbc.spi.SqlExceptionHelper   : SQL Error: 23505, SQLState: 23505
2024-07-11T13:12:09.703+02:00 ERROR 56285 --- [nio-8080-exec-6] o.h.engine.jdbc.spi.SqlExceptionHelper   : Unique index or primary key violation: "PUBLIC.UK_GEX1LMAQPG0IR5G1F5EFTYAA1_INDEX_E ON PUBLIC.ACCOUNT(USERNAME NULLS FIRST) VALUES ( /* 1 */ 'UniqueUserName' )"; SQL statement:
insert into account (username,id) values (?,?) [23505-224]
2024-07-11T13:12:14.531+02:00  WARN 56285 --- [nio-8080-exec-2] o.h.engine.jdbc.spi.SqlExceptionHelper   : SQL Error: 23505, SQLState: 23505
2024-07-11T13:12:14.531+02:00 ERROR 56285 --- [nio-8080-exec-2] o.h.engine.jdbc.spi.SqlExceptionHelper   : Unique index or primary key violation: "PUBLIC.UK_GEX1LMAQPG0IR5G1F5EFTYAA1_INDEX_E ON PUBLIC.ACCOUNT(USERNAME NULLS FIRST) VALUES ( /* 2 */ 'username' )"; SQL statement:
insert into account (username,id) values (?,?) [23505-224]
2024-07-11T13:12:14.941+02:00  WARN 56285 --- [nio-8080-exec-4] o.h.engine.jdbc.spi.SqlExceptionHelper   : SQL Error: 23505, SQLState: 23505
2024-07-11T13:12:14.942+02:00 ERROR 56285 --- [nio-8080-exec-4] o.h.engine.jdbc.spi.SqlExceptionHelper   : Unique index or primary key violation: "PUBLIC.UK_GEX1LMAQPG0IR5G1F5EFTYAA1_INDEX_E ON PUBLIC.ACCOUNT(USERNAME NULLS FIRST) VALUES ( /* 2 */ 'username' )"; SQL statement:
insert into account (username,id) values (?,?) [23505-224]
2024-07-11T13:12:15.428+02:00  WARN 56285 --- [nio-8080-exec-5] o.h.engine.jdbc.spi.SqlExceptionHelper   : SQL Error: 23505, SQLState: 23505
2024-07-11T13:12:15.429+02:00 ERROR 56285 --- [nio-8080-exec-5] o.h.engine.jdbc.spi.SqlExceptionHelper   : Unique index or primary key violation: "PUBLIC.UK_GEX1LMAQPG0IR5G1F5EFTYAA1_INDEX_E ON PUBLIC.ACCOUNT(USERNAME NULLS FIRST) VALUES ( /* 2 */ 'username' )"; SQL statement:
insert into account (username,id) values (?,?) [23505-224]
2024-07-11T13:12:37.550+02:00  WARN 56285 --- [nio-8080-exec-5] .w.s.m.s.DefaultHandlerExceptionResolver : Resolved [org.springframework.http.converter.HttpMessageNotReadableException: JSON parse error: Cannot coerce empty String ("") to `se.attafemton.personal.model.Email$EmailType` value (but could if coercion was enabled using `CoercionConfig`)]
2024-07-11T13:12:40.800+02:00  WARN 56285 --- [nio-8080-exec-3] .w.s.m.s.DefaultHandlerExceptionResolver : Resolved [org.springframework.http.converter.HttpMessageNotReadableException: JSON parse error: Cannot coerce empty String ("") to `se.attafemton.personal.model.Email$EmailType` value (but could if coercion was enabled using `CoercionConfig`)]
2024-07-11T13:13:28.629+02:00  INFO 56285 --- [ionShutdownHook] j.LocalContainerEntityManagerFactoryBean : Closing JPA EntityManagerFactory for persistence unit 'default'
2024-07-11T13:13:28.632+02:00  INFO 56285 --- [ionShutdownHook] com.zaxxer.hikari.HikariDataSource       : HikariPool-1 - Shutdown initiated...
2024-07-11T13:13:28.634+02:00  INFO 56285 --- [ionShutdownHook] com.zaxxer.hikari.HikariDataSource       : HikariPool-1 - Shutdown completed.
